<?xml version="1.0" encoding="UTF-8"?>
<!-- Generated by org.testng.reporters.JUnitReportReporter -->
<testsuite skipped="0" hostname="kasturisuresh" name="qaclickacademy.AppiumTest" tests="2" failures="0" timestamp="2022-02-09T18:07:01 IST" time="0.011" errors="0">
  <testcase name="nativeApp" time="0.001" classname="qaclickacademy.AppiumTest"/>
  <system-out/>
  <testcase name="iosApps" time="0.010" classname="qaclickacademy.AppiumTest"/>
  <system-out/>
</testsuite> <!-- qaclickacademy.AppiumTest -->
