<?xml version="1.0" encoding="UTF-8"?>
<!-- Generated by org.testng.reporters.JUnitReportReporter -->
<testsuite skipped="0" hostname="kasturisuresh" name="qaclickacademy.RestApiTest" tests="2" failures="0" timestamp="2022-02-09T18:08:36 IST" time="0.009" errors="0">
  <testcase name="elementsUi" time="0.001" classname="qaclickacademy.RestApiTest"/>
  <system-out/>
  <testcase name="BrowserAutomation" time="0.008" classname="qaclickacademy.RestApiTest"/>
  <system-out/>
</testsuite> <!-- qaclickacademy.RestApiTest -->
