<?xml version="1.0" encoding="UTF-8"?>
<!-- Generated by org.testng.reporters.JUnitReportReporter -->
<testsuite skipped="0" hostname="kasturisuresh" name="qaclickacademy.AppiumTest" tests="2" failures="0" timestamp="2022-02-10T10:39:40 IST" time="0.006" errors="0">
  <testcase name="iosApps" time="0.006" classname="qaclickacademy.AppiumTest"/>
  <system-out/>
  <testcase name="nativeApp" time="0.000" classname="qaclickacademy.AppiumTest"/>
  <system-out/>
</testsuite> <!-- qaclickacademy.AppiumTest -->
